{"/Users/jimmymunoz/Projets/pltzitest/arrays.ts": {"path":"/Users/jimmymunoz/Projets/pltzitest/arrays.ts","all":false,"statementMap":{"0":{"start":{"line":1,"column":0},"end":{"line":1,"column":16}},"1":{"start":{"line":2,"column":0},"end":{"line":2,"column":59}},"2":{"start":{"line":3,"column":0},"end":{"line":3,"column":1}},"3":{"start":{"line":4,"column":0},"end":{"line":4,"column":0}},"4":{"start":{"line":5,"column":0},"end":{"line":5,"column":16}},"5":{"start":{"line":6,"column":0},"end":{"line":6,"column":45}},"6":{"start":{"line":7,"column":0},"end":{"line":7,"column":1}},"7":{"start":{"line":8,"column":0},"end":{"line":8,"column":0}},"8":{"start":{"line":9,"column":0},"end":{"line":9,"column":53}},"9":{"start":{"line":10,"column":0},"end":{"line":10,"column":53}}},"s":{"0":1,"1":1,"2":1,"3":1,"4":1,"5":1,"6":1,"7":1,"8":1,"9":1},"branchMap":{"0":{"type":"branch","line":9,"loc":{"start":{"line":9,"column":25},"end":{"line":9,"column":53}},"locations":[{"start":{"line":9,"column":25},"end":{"line":9,"column":53}}]},"1":{"type":"branch","line":10,"loc":{"start":{"line":10,"column":25},"end":{"line":10,"column":53}},"locations":[{"start":{"line":10,"column":25},"end":{"line":10,"column":53}}]}},"b":{"0":[3],"1":[1]},"fnMap":{"0":{"name":"getFruits","decl":{"start":{"line":9,"column":25},"end":{"line":9,"column":53}},"loc":{"start":{"line":9,"column":25},"end":{"line":9,"column":53}},"line":9},"1":{"name":"getColors","decl":{"start":{"line":10,"column":25},"end":{"line":10,"column":53}},"loc":{"start":{"line":10,"column":25},"end":{"line":10,"column":53}},"line":10}},"f":{"0":3,"1":1}}
,"/Users/jimmymunoz/Projets/pltzitest/math.ts": {"path":"/Users/jimmymunoz/Projets/pltzitest/math.ts","all":false,"statementMap":{"0":{"start":{"line":1,"column":0},"end":{"line":1,"column":56}},"1":{"start":{"line":2,"column":0},"end":{"line":2,"column":14}},"2":{"start":{"line":3,"column":0},"end":{"line":3,"column":1}},"3":{"start":{"line":4,"column":0},"end":{"line":4,"column":62}},"4":{"start":{"line":5,"column":0},"end":{"line":5,"column":14}},"5":{"start":{"line":6,"column":0},"end":{"line":6,"column":1}},"6":{"start":{"line":7,"column":0},"end":{"line":7,"column":58}},"7":{"start":{"line":8,"column":0},"end":{"line":8,"column":14}},"8":{"start":{"line":9,"column":0},"end":{"line":9,"column":1}},"9":{"start":{"line":10,"column":0},"end":{"line":10,"column":58}},"10":{"start":{"line":11,"column":0},"end":{"line":11,"column":14}},"11":{"start":{"line":12,"column":0},"end":{"line":12,"column":1}}},"s":{"0":1,"1":1,"2":1,"3":1,"4":1,"5":1,"6":1,"7":0,"8":0,"9":1,"10":0,"11":0},"branchMap":{"0":{"type":"branch","line":1,"loc":{"start":{"line":1,"column":21},"end":{"line":3,"column":1}},"locations":[{"start":{"line":1,"column":21},"end":{"line":3,"column":1}}]},"1":{"type":"branch","line":4,"loc":{"start":{"line":4,"column":27},"end":{"line":6,"column":1}},"locations":[{"start":{"line":4,"column":27},"end":{"line":6,"column":1}}]}},"b":{"0":[1],"1":[1]},"fnMap":{"0":{"name":"sumar","decl":{"start":{"line":1,"column":21},"end":{"line":3,"column":1}},"loc":{"start":{"line":1,"column":21},"end":{"line":3,"column":1}},"line":1},"1":{"name":"multiplicar","decl":{"start":{"line":4,"column":27},"end":{"line":6,"column":1}},"loc":{"start":{"line":4,"column":27},"end":{"line":6,"column":1}},"line":4},"2":{"name":"restart","decl":{"start":{"line":7,"column":23},"end":{"line":9,"column":1}},"loc":{"start":{"line":7,"column":23},"end":{"line":9,"column":1}},"line":7},"3":{"name":"dividir","decl":{"start":{"line":10,"column":23},"end":{"line":12,"column":1}},"loc":{"start":{"line":10,"column":23},"end":{"line":12,"column":1}},"line":10}},"f":{"0":1,"1":1,"2":0,"3":0}}
,"/Users/jimmymunoz/Projets/pltzitest/numbers.ts": {"path":"/Users/jimmymunoz/Projets/pltzitest/numbers.ts","all":false,"statementMap":{"0":{"start":{"line":1,"column":0},"end":{"line":1,"column":0}},"1":{"start":{"line":2,"column":0},"end":{"line":2,"column":58}},"2":{"start":{"line":3,"column":0},"end":{"line":3,"column":14}},"3":{"start":{"line":4,"column":0},"end":{"line":4,"column":1}}},"s":{"0":1,"1":1,"2":1,"3":1},"branchMap":{"0":{"type":"branch","line":2,"loc":{"start":{"line":2,"column":23},"end":{"line":4,"column":1}},"locations":[{"start":{"line":2,"column":23},"end":{"line":4,"column":1}}]}},"b":{"0":[1]},"fnMap":{"0":{"name":"numbers","decl":{"start":{"line":2,"column":23},"end":{"line":4,"column":1}},"loc":{"start":{"line":2,"column":23},"end":{"line":4,"column":1}},"line":2}},"f":{"0":1}}
,"/Users/jimmymunoz/Projets/pltzitest/true.ts": {"path":"/Users/jimmymunoz/Projets/pltzitest/true.ts","all":false,"statementMap":{"0":{"start":{"line":1,"column":0},"end":{"line":1,"column":36}},"1":{"start":{"line":2,"column":0},"end":{"line":2,"column":13}},"2":{"start":{"line":3,"column":0},"end":{"line":3,"column":1}},"3":{"start":{"line":4,"column":0},"end":{"line":4,"column":0}},"4":{"start":{"line":5,"column":0},"end":{"line":5,"column":41}},"5":{"start":{"line":6,"column":0},"end":{"line":6,"column":0}},"6":{"start":{"line":7,"column":0},"end":{"line":7,"column":43}},"7":{"start":{"line":8,"column":0},"end":{"line":8,"column":0}},"8":{"start":{"line":9,"column":0},"end":{"line":9,"column":47}}},"s":{"0":1,"1":1,"2":1,"3":1,"4":1,"5":1,"6":1,"7":1,"8":1},"branchMap":{"0":{"type":"branch","line":1,"loc":{"start":{"line":1,"column":22},"end":{"line":3,"column":1}},"locations":[{"start":{"line":1,"column":22},"end":{"line":3,"column":1}}]},"1":{"type":"branch","line":5,"loc":{"start":{"line":5,"column":22},"end":{"line":5,"column":41}},"locations":[{"start":{"line":5,"column":22},"end":{"line":5,"column":41}}]},"2":{"type":"branch","line":7,"loc":{"start":{"line":7,"column":23},"end":{"line":7,"column":43}},"locations":[{"start":{"line":7,"column":23},"end":{"line":7,"column":43}}]},"3":{"type":"branch","line":9,"loc":{"start":{"line":9,"column":27},"end":{"line":9,"column":47}},"locations":[{"start":{"line":9,"column":27},"end":{"line":9,"column":47}}]}},"b":{"0":[1],"1":[2],"2":[1],"3":[1]},"fnMap":{"0":{"name":"isNull","decl":{"start":{"line":1,"column":22},"end":{"line":3,"column":1}},"loc":{"start":{"line":1,"column":22},"end":{"line":3,"column":1}},"line":1},"1":{"name":"isTrue","decl":{"start":{"line":5,"column":22},"end":{"line":5,"column":41}},"loc":{"start":{"line":5,"column":22},"end":{"line":5,"column":41}},"line":5},"2":{"name":"isFalse","decl":{"start":{"line":7,"column":23},"end":{"line":7,"column":43}},"loc":{"start":{"line":7,"column":23},"end":{"line":7,"column":43}},"line":7},"3":{"name":"isUndefined","decl":{"start":{"line":9,"column":27},"end":{"line":9,"column":47}},"loc":{"start":{"line":9,"column":27},"end":{"line":9,"column":47}},"line":9}},"f":{"0":1,"1":2,"2":1,"3":1}}
}
