TN:
SF:arrays.ts
FN:9,getFruits
FN:10,getColors
FNF:2
FNH:2
FNDA:3,getFruits
FNDA:1,getColors
DA:1,1
DA:2,1
DA:3,1
DA:4,1
DA:5,1
DA:6,1
DA:7,1
DA:8,1
DA:9,1
DA:10,1
LF:10
LH:10
BRDA:9,0,0,3
BRDA:10,1,0,1
BRF:2
BRH:2
end_of_record
TN:
SF:math.ts
FN:1,sumar
FN:4,multiplicar
FN:7,restart
FN:10,dividir
FNF:4
FNH:2
FNDA:1,sumar
FNDA:1,multiplicar
FNDA:0,restart
FNDA:0,dividir
DA:1,1
DA:2,1
DA:3,1
DA:4,1
DA:5,1
DA:6,1
DA:7,1
DA:8,0
DA:9,0
DA:10,1
DA:11,0
DA:12,0
LF:12
LH:8
BRDA:1,0,0,1
BRDA:4,1,0,1
BRF:2
BRH:2
end_of_record
TN:
SF:numbers.ts
FN:2,numbers
FNF:1
FNH:1
FNDA:1,numbers
DA:1,1
DA:2,1
DA:3,1
DA:4,1
LF:4
LH:4
BRDA:2,0,0,1
BRF:1
BRH:1
end_of_record
TN:
SF:true.ts
FN:1,isNull
FN:5,isTrue
FN:7,isFalse
FN:9,isUndefined
FNF:4
FNH:4
FNDA:1,isNull
FNDA:2,isTrue
FNDA:1,isFalse
FNDA:1,isUndefined
DA:1,1
DA:2,1
DA:3,1
DA:4,1
DA:5,1
DA:6,1
DA:7,1
DA:8,1
DA:9,1
LF:9
LH:9
BRDA:1,0,0,1
BRDA:5,1,0,2
BRDA:7,2,0,1
BRDA:9,3,0,1
BRF:4
BRH:4
end_of_record
